<?xml version="1.0"?>
<arts format="ascii" version="1">
<ArrayOfLineRecord version="ARTSCAT-5" nelem="1">
@ He-4 3e12 1e-13 296 3e-20 0 3 1 LF VP # 1 He T1 100000000 0.7 T1 0 1 
</ArrayOfLineRecord>
</arts>
